The system is: Darwin - 17.6.0 - x86_64
Compiling the C compiler identification source file "CMakeCCompilerId.c" succeeded.
Compiler: /Applications/Xcode.app/Contents/Developer/Toolchains/XcodeDefault.xctoolchain/usr/bin/cc 
Build flags: 
Id flags:  

The output was:
0


Compilation of the C compiler identification source "CMakeCCompilerId.c" produced "a.out"

The C compiler identification is AppleClang, found in "/Users/jasonkwh/Desktop/monkeys-audio-master/CMakeFiles/3.11.1/CompilerIdC/a.out"

Compiling the CXX compiler identification source file "CMakeCXXCompilerId.cpp" succeeded.
Compiler: /Applications/Xcode.app/Contents/Developer/Toolchains/XcodeDefault.xctoolchain/usr/bin/c++ 
Build flags: 
Id flags:  

The output was:
0


Compilation of the CXX compiler identification source "CMakeCXXCompilerId.cpp" produced "a.out"

The CXX compiler identification is AppleClang, found in "/Users/jasonkwh/Desktop/monkeys-audio-master/CMakeFiles/3.11.1/CompilerIdCXX/a.out"

Determining if the C compiler works passed with the following output:
Change Dir: /Users/jasonkwh/Desktop/monkeys-audio-master/CMakeFiles/CMakeTmp

Run Build Command:"/usr/local/bin/gmake" "cmTC_2e2fa/fast"
/usr/local/bin/gmake -f CMakeFiles/cmTC_2e2fa.dir/build.make CMakeFiles/cmTC_2e2fa.dir/build
gmake[1]: Entering directory '/Users/jasonkwh/Desktop/monkeys-audio-master/CMakeFiles/CMakeTmp'
Building C object CMakeFiles/cmTC_2e2fa.dir/testCCompiler.c.o
/Applications/Xcode.app/Contents/Developer/Toolchains/XcodeDefault.xctoolchain/usr/bin/cc    -o CMakeFiles/cmTC_2e2fa.dir/testCCompiler.c.o   -c /Users/jasonkwh/Desktop/monkeys-audio-master/CMakeFiles/CMakeTmp/testCCompiler.c
Linking C executable cmTC_2e2fa
/usr/local/Cellar/cmake/3.11.1/bin/cmake -E cmake_link_script CMakeFiles/cmTC_2e2fa.dir/link.txt --verbose=1
/Applications/Xcode.app/Contents/Developer/Toolchains/XcodeDefault.xctoolchain/usr/bin/cc   -Wl,-search_paths_first -Wl,-headerpad_max_install_names   CMakeFiles/cmTC_2e2fa.dir/testCCompiler.c.o  -o cmTC_2e2fa 
gmake[1]: Leaving directory '/Users/jasonkwh/Desktop/monkeys-audio-master/CMakeFiles/CMakeTmp'


Detecting C compiler ABI info compiled with the following output:
Change Dir: /Users/jasonkwh/Desktop/monkeys-audio-master/CMakeFiles/CMakeTmp

Run Build Command:"/usr/local/bin/gmake" "cmTC_e4fd1/fast"
/usr/local/bin/gmake -f CMakeFiles/cmTC_e4fd1.dir/build.make CMakeFiles/cmTC_e4fd1.dir/build
gmake[1]: Entering directory '/Users/jasonkwh/Desktop/monkeys-audio-master/CMakeFiles/CMakeTmp'
Building C object CMakeFiles/cmTC_e4fd1.dir/CMakeCCompilerABI.c.o
/Applications/Xcode.app/Contents/Developer/Toolchains/XcodeDefault.xctoolchain/usr/bin/cc    -o CMakeFiles/cmTC_e4fd1.dir/CMakeCCompilerABI.c.o   -c /usr/local/Cellar/cmake/3.11.1/share/cmake/Modules/CMakeCCompilerABI.c
Linking C executable cmTC_e4fd1
/usr/local/Cellar/cmake/3.11.1/bin/cmake -E cmake_link_script CMakeFiles/cmTC_e4fd1.dir/link.txt --verbose=1
/Applications/Xcode.app/Contents/Developer/Toolchains/XcodeDefault.xctoolchain/usr/bin/cc   -Wl,-search_paths_first -Wl,-headerpad_max_install_names  -v -Wl,-v CMakeFiles/cmTC_e4fd1.dir/CMakeCCompilerABI.c.o  -o cmTC_e4fd1 
Apple LLVM version 9.0.0 (clang-900.0.37)
Target: x86_64-apple-darwin17.6.0
Thread model: posix
InstalledDir: /Applications/Xcode.app/Contents/Developer/Toolchains/XcodeDefault.xctoolchain/usr/bin
 "/Applications/Xcode.app/Contents/Developer/Toolchains/XcodeDefault.xctoolchain/usr/bin/ld" -demangle -lto_library /Applications/Xcode.app/Contents/Developer/Toolchains/XcodeDefault.xctoolchain/usr/lib/libLTO.dylib -dynamic -arch x86_64 -macosx_version_min 10.13.0 -o cmTC_e4fd1 -search_paths_first -headerpad_max_install_names -v CMakeFiles/cmTC_e4fd1.dir/CMakeCCompilerABI.c.o -lSystem /Applications/Xcode.app/Contents/Developer/Toolchains/XcodeDefault.xctoolchain/usr/lib/clang/9.0.0/lib/darwin/libclang_rt.osx.a
@(#)PROGRAM:ld  PROJECT:ld64-302.3
configured to support archs: armv6 armv7 armv7s arm64 i386 x86_64 x86_64h armv6m armv7k armv7m armv7em (tvOS)
Library search paths:
	/usr/lib
	/usr/local/lib
Framework search paths:
	/Library/Frameworks/
	/System/Library/Frameworks/
gmake[1]: Leaving directory '/Users/jasonkwh/Desktop/monkeys-audio-master/CMakeFiles/CMakeTmp'


Parsed C implicit link information from above output:
  link line regex: [^( *|.*[/\])(ld|CMAKE_LINK_STARTFILE-NOTFOUND|([^/\]+-)?ld|collect2)[^/\]*( |$)]
  ignore line: [Change Dir: /Users/jasonkwh/Desktop/monkeys-audio-master/CMakeFiles/CMakeTmp]
  ignore line: []
  ignore line: [Run Build Command:"/usr/local/bin/gmake" "cmTC_e4fd1/fast"]
  ignore line: [/usr/local/bin/gmake -f CMakeFiles/cmTC_e4fd1.dir/build.make CMakeFiles/cmTC_e4fd1.dir/build]
  ignore line: [gmake[1]: Entering directory '/Users/jasonkwh/Desktop/monkeys-audio-master/CMakeFiles/CMakeTmp']
  ignore line: [Building C object CMakeFiles/cmTC_e4fd1.dir/CMakeCCompilerABI.c.o]
  ignore line: [/Applications/Xcode.app/Contents/Developer/Toolchains/XcodeDefault.xctoolchain/usr/bin/cc    -o CMakeFiles/cmTC_e4fd1.dir/CMakeCCompilerABI.c.o   -c /usr/local/Cellar/cmake/3.11.1/share/cmake/Modules/CMakeCCompilerABI.c]
  ignore line: [Linking C executable cmTC_e4fd1]
  ignore line: [/usr/local/Cellar/cmake/3.11.1/bin/cmake -E cmake_link_script CMakeFiles/cmTC_e4fd1.dir/link.txt --verbose=1]
  ignore line: [/Applications/Xcode.app/Contents/Developer/Toolchains/XcodeDefault.xctoolchain/usr/bin/cc   -Wl,-search_paths_first -Wl,-headerpad_max_install_names  -v -Wl,-v CMakeFiles/cmTC_e4fd1.dir/CMakeCCompilerABI.c.o  -o cmTC_e4fd1 ]
  ignore line: [Apple LLVM version 9.0.0 (clang-900.0.37)]
  ignore line: [Target: x86_64-apple-darwin17.6.0]
  ignore line: [Thread model: posix]
  ignore line: [InstalledDir: /Applications/Xcode.app/Contents/Developer/Toolchains/XcodeDefault.xctoolchain/usr/bin]
  link line: [ "/Applications/Xcode.app/Contents/Developer/Toolchains/XcodeDefault.xctoolchain/usr/bin/ld" -demangle -lto_library /Applications/Xcode.app/Contents/Developer/Toolchains/XcodeDefault.xctoolchain/usr/lib/libLTO.dylib -dynamic -arch x86_64 -macosx_version_min 10.13.0 -o cmTC_e4fd1 -search_paths_first -headerpad_max_install_names -v CMakeFiles/cmTC_e4fd1.dir/CMakeCCompilerABI.c.o -lSystem /Applications/Xcode.app/Contents/Developer/Toolchains/XcodeDefault.xctoolchain/usr/lib/clang/9.0.0/lib/darwin/libclang_rt.osx.a]
    arg [/Applications/Xcode.app/Contents/Developer/Toolchains/XcodeDefault.xctoolchain/usr/bin/ld] ==> ignore
    arg [-demangle] ==> ignore
    arg [-lto_library] ==> ignore, skip following value
    arg [/Applications/Xcode.app/Contents/Developer/Toolchains/XcodeDefault.xctoolchain/usr/lib/libLTO.dylib] ==> skip value of -lto_library
    arg [-dynamic] ==> ignore
    arg [-arch] ==> ignore
    arg [x86_64] ==> ignore
    arg [-macosx_version_min] ==> ignore
    arg [10.13.0] ==> ignore
    arg [-o] ==> ignore
    arg [cmTC_e4fd1] ==> ignore
    arg [-search_paths_first] ==> ignore
    arg [-headerpad_max_install_names] ==> ignore
    arg [-v] ==> ignore
    arg [CMakeFiles/cmTC_e4fd1.dir/CMakeCCompilerABI.c.o] ==> ignore
    arg [-lSystem] ==> lib [System]
    arg [/Applications/Xcode.app/Contents/Developer/Toolchains/XcodeDefault.xctoolchain/usr/lib/clang/9.0.0/lib/darwin/libclang_rt.osx.a] ==> lib [/Applications/Xcode.app/Contents/Developer/Toolchains/XcodeDefault.xctoolchain/usr/lib/clang/9.0.0/lib/darwin/libclang_rt.osx.a]
  Library search paths: [;/usr/lib;/usr/local/lib]
  Framework search paths: [;/Library/Frameworks/;/System/Library/Frameworks/]
  remove lib [System]
  remove lib [/Applications/Xcode.app/Contents/Developer/Toolchains/XcodeDefault.xctoolchain/usr/lib/clang/9.0.0/lib/darwin/libclang_rt.osx.a]
  collapse library dir [/usr/lib] ==> [/usr/lib]
  collapse library dir [/usr/local/lib] ==> [/usr/local/lib]
  collapse framework dir [/Library/Frameworks/] ==> [/Library/Frameworks]
  collapse framework dir [/System/Library/Frameworks/] ==> [/System/Library/Frameworks]
  implicit libs: []
  implicit dirs: [/usr/lib;/usr/local/lib]
  implicit fwks: [/Library/Frameworks;/System/Library/Frameworks]




Detecting C [-std=c11] compiler features compiled with the following output:
Change Dir: /Users/jasonkwh/Desktop/monkeys-audio-master/CMakeFiles/CMakeTmp

Run Build Command:"/usr/local/bin/gmake" "cmTC_0b38d/fast"
/usr/local/bin/gmake -f CMakeFiles/cmTC_0b38d.dir/build.make CMakeFiles/cmTC_0b38d.dir/build
gmake[1]: Entering directory '/Users/jasonkwh/Desktop/monkeys-audio-master/CMakeFiles/CMakeTmp'
Building C object CMakeFiles/cmTC_0b38d.dir/feature_tests.c.o
/Applications/Xcode.app/Contents/Developer/Toolchains/XcodeDefault.xctoolchain/usr/bin/cc   -std=c11 -o CMakeFiles/cmTC_0b38d.dir/feature_tests.c.o   -c /Users/jasonkwh/Desktop/monkeys-audio-master/CMakeFiles/feature_tests.c
Linking C executable cmTC_0b38d
/usr/local/Cellar/cmake/3.11.1/bin/cmake -E cmake_link_script CMakeFiles/cmTC_0b38d.dir/link.txt --verbose=1
/Applications/Xcode.app/Contents/Developer/Toolchains/XcodeDefault.xctoolchain/usr/bin/cc   -Wl,-search_paths_first -Wl,-headerpad_max_install_names   CMakeFiles/cmTC_0b38d.dir/feature_tests.c.o  -o cmTC_0b38d 
gmake[1]: Leaving directory '/Users/jasonkwh/Desktop/monkeys-audio-master/CMakeFiles/CMakeTmp'


    Feature record: C_FEATURE:1c_function_prototypes
    Feature record: C_FEATURE:1c_restrict
    Feature record: C_FEATURE:1c_static_assert
    Feature record: C_FEATURE:1c_variadic_macros


Detecting C [-std=c99] compiler features compiled with the following output:
Change Dir: /Users/jasonkwh/Desktop/monkeys-audio-master/CMakeFiles/CMakeTmp

Run Build Command:"/usr/local/bin/gmake" "cmTC_8f307/fast"
/usr/local/bin/gmake -f CMakeFiles/cmTC_8f307.dir/build.make CMakeFiles/cmTC_8f307.dir/build
gmake[1]: Entering directory '/Users/jasonkwh/Desktop/monkeys-audio-master/CMakeFiles/CMakeTmp'
Building C object CMakeFiles/cmTC_8f307.dir/feature_tests.c.o
/Applications/Xcode.app/Contents/Developer/Toolchains/XcodeDefault.xctoolchain/usr/bin/cc   -std=c99 -o CMakeFiles/cmTC_8f307.dir/feature_tests.c.o   -c /Users/jasonkwh/Desktop/monkeys-audio-master/CMakeFiles/feature_tests.c
Linking C executable cmTC_8f307
/usr/local/Cellar/cmake/3.11.1/bin/cmake -E cmake_link_script CMakeFiles/cmTC_8f307.dir/link.txt --verbose=1
/Applications/Xcode.app/Contents/Developer/Toolchains/XcodeDefault.xctoolchain/usr/bin/cc   -Wl,-search_paths_first -Wl,-headerpad_max_install_names   CMakeFiles/cmTC_8f307.dir/feature_tests.c.o  -o cmTC_8f307 
gmake[1]: Leaving directory '/Users/jasonkwh/Desktop/monkeys-audio-master/CMakeFiles/CMakeTmp'


    Feature record: C_FEATURE:1c_function_prototypes
    Feature record: C_FEATURE:1c_restrict
    Feature record: C_FEATURE:0c_static_assert
    Feature record: C_FEATURE:1c_variadic_macros


Detecting C [-std=c90] compiler features compiled with the following output:
Change Dir: /Users/jasonkwh/Desktop/monkeys-audio-master/CMakeFiles/CMakeTmp

Run Build Command:"/usr/local/bin/gmake" "cmTC_fc5f5/fast"
/usr/local/bin/gmake -f CMakeFiles/cmTC_fc5f5.dir/build.make CMakeFiles/cmTC_fc5f5.dir/build
gmake[1]: Entering directory '/Users/jasonkwh/Desktop/monkeys-audio-master/CMakeFiles/CMakeTmp'
Building C object CMakeFiles/cmTC_fc5f5.dir/feature_tests.c.o
/Applications/Xcode.app/Contents/Developer/Toolchains/XcodeDefault.xctoolchain/usr/bin/cc   -std=c90 -o CMakeFiles/cmTC_fc5f5.dir/feature_tests.c.o   -c /Users/jasonkwh/Desktop/monkeys-audio-master/CMakeFiles/feature_tests.c
Linking C executable cmTC_fc5f5
/usr/local/Cellar/cmake/3.11.1/bin/cmake -E cmake_link_script CMakeFiles/cmTC_fc5f5.dir/link.txt --verbose=1
/Applications/Xcode.app/Contents/Developer/Toolchains/XcodeDefault.xctoolchain/usr/bin/cc   -Wl,-search_paths_first -Wl,-headerpad_max_install_names   CMakeFiles/cmTC_fc5f5.dir/feature_tests.c.o  -o cmTC_fc5f5 
gmake[1]: Leaving directory '/Users/jasonkwh/Desktop/monkeys-audio-master/CMakeFiles/CMakeTmp'


    Feature record: C_FEATURE:1c_function_prototypes
    Feature record: C_FEATURE:0c_restrict
    Feature record: C_FEATURE:0c_static_assert
    Feature record: C_FEATURE:0c_variadic_macros
Determining if the CXX compiler works passed with the following output:
Change Dir: /Users/jasonkwh/Desktop/monkeys-audio-master/CMakeFiles/CMakeTmp

Run Build Command:"/usr/local/bin/gmake" "cmTC_d3151/fast"
/usr/local/bin/gmake -f CMakeFiles/cmTC_d3151.dir/build.make CMakeFiles/cmTC_d3151.dir/build
gmake[1]: Entering directory '/Users/jasonkwh/Desktop/monkeys-audio-master/CMakeFiles/CMakeTmp'
Building CXX object CMakeFiles/cmTC_d3151.dir/testCXXCompiler.cxx.o
/Applications/Xcode.app/Contents/Developer/Toolchains/XcodeDefault.xctoolchain/usr/bin/c++     -o CMakeFiles/cmTC_d3151.dir/testCXXCompiler.cxx.o -c /Users/jasonkwh/Desktop/monkeys-audio-master/CMakeFiles/CMakeTmp/testCXXCompiler.cxx
Linking CXX executable cmTC_d3151
/usr/local/Cellar/cmake/3.11.1/bin/cmake -E cmake_link_script CMakeFiles/cmTC_d3151.dir/link.txt --verbose=1
/Applications/Xcode.app/Contents/Developer/Toolchains/XcodeDefault.xctoolchain/usr/bin/c++    -Wl,-search_paths_first -Wl,-headerpad_max_install_names   CMakeFiles/cmTC_d3151.dir/testCXXCompiler.cxx.o  -o cmTC_d3151 
gmake[1]: Leaving directory '/Users/jasonkwh/Desktop/monkeys-audio-master/CMakeFiles/CMakeTmp'


Detecting CXX compiler ABI info compiled with the following output:
Change Dir: /Users/jasonkwh/Desktop/monkeys-audio-master/CMakeFiles/CMakeTmp

Run Build Command:"/usr/local/bin/gmake" "cmTC_3acc5/fast"
/usr/local/bin/gmake -f CMakeFiles/cmTC_3acc5.dir/build.make CMakeFiles/cmTC_3acc5.dir/build
gmake[1]: Entering directory '/Users/jasonkwh/Desktop/monkeys-audio-master/CMakeFiles/CMakeTmp'
Building CXX object CMakeFiles/cmTC_3acc5.dir/CMakeCXXCompilerABI.cpp.o
/Applications/Xcode.app/Contents/Developer/Toolchains/XcodeDefault.xctoolchain/usr/bin/c++     -o CMakeFiles/cmTC_3acc5.dir/CMakeCXXCompilerABI.cpp.o -c /usr/local/Cellar/cmake/3.11.1/share/cmake/Modules/CMakeCXXCompilerABI.cpp
Linking CXX executable cmTC_3acc5
/usr/local/Cellar/cmake/3.11.1/bin/cmake -E cmake_link_script CMakeFiles/cmTC_3acc5.dir/link.txt --verbose=1
/Applications/Xcode.app/Contents/Developer/Toolchains/XcodeDefault.xctoolchain/usr/bin/c++    -Wl,-search_paths_first -Wl,-headerpad_max_install_names  -v -Wl,-v CMakeFiles/cmTC_3acc5.dir/CMakeCXXCompilerABI.cpp.o  -o cmTC_3acc5 
Apple LLVM version 9.0.0 (clang-900.0.37)
Target: x86_64-apple-darwin17.6.0
Thread model: posix
InstalledDir: /Applications/Xcode.app/Contents/Developer/Toolchains/XcodeDefault.xctoolchain/usr/bin
 "/Applications/Xcode.app/Contents/Developer/Toolchains/XcodeDefault.xctoolchain/usr/bin/ld" -demangle -lto_library /Applications/Xcode.app/Contents/Developer/Toolchains/XcodeDefault.xctoolchain/usr/lib/libLTO.dylib -dynamic -arch x86_64 -macosx_version_min 10.13.0 -o cmTC_3acc5 -search_paths_first -headerpad_max_install_names -v CMakeFiles/cmTC_3acc5.dir/CMakeCXXCompilerABI.cpp.o -lc++ -lSystem /Applications/Xcode.app/Contents/Developer/Toolchains/XcodeDefault.xctoolchain/usr/lib/clang/9.0.0/lib/darwin/libclang_rt.osx.a
@(#)PROGRAM:ld  PROJECT:ld64-302.3
configured to support archs: armv6 armv7 armv7s arm64 i386 x86_64 x86_64h armv6m armv7k armv7m armv7em (tvOS)
Library search paths:
	/usr/lib
	/usr/local/lib
Framework search paths:
	/Library/Frameworks/
	/System/Library/Frameworks/
gmake[1]: Leaving directory '/Users/jasonkwh/Desktop/monkeys-audio-master/CMakeFiles/CMakeTmp'


Parsed CXX implicit link information from above output:
  link line regex: [^( *|.*[/\])(ld|CMAKE_LINK_STARTFILE-NOTFOUND|([^/\]+-)?ld|collect2)[^/\]*( |$)]
  ignore line: [Change Dir: /Users/jasonkwh/Desktop/monkeys-audio-master/CMakeFiles/CMakeTmp]
  ignore line: []
  ignore line: [Run Build Command:"/usr/local/bin/gmake" "cmTC_3acc5/fast"]
  ignore line: [/usr/local/bin/gmake -f CMakeFiles/cmTC_3acc5.dir/build.make CMakeFiles/cmTC_3acc5.dir/build]
  ignore line: [gmake[1]: Entering directory '/Users/jasonkwh/Desktop/monkeys-audio-master/CMakeFiles/CMakeTmp']
  ignore line: [Building CXX object CMakeFiles/cmTC_3acc5.dir/CMakeCXXCompilerABI.cpp.o]
  ignore line: [/Applications/Xcode.app/Contents/Developer/Toolchains/XcodeDefault.xctoolchain/usr/bin/c++     -o CMakeFiles/cmTC_3acc5.dir/CMakeCXXCompilerABI.cpp.o -c /usr/local/Cellar/cmake/3.11.1/share/cmake/Modules/CMakeCXXCompilerABI.cpp]
  ignore line: [Linking CXX executable cmTC_3acc5]
  ignore line: [/usr/local/Cellar/cmake/3.11.1/bin/cmake -E cmake_link_script CMakeFiles/cmTC_3acc5.dir/link.txt --verbose=1]
  ignore line: [/Applications/Xcode.app/Contents/Developer/Toolchains/XcodeDefault.xctoolchain/usr/bin/c++    -Wl,-search_paths_first -Wl,-headerpad_max_install_names  -v -Wl,-v CMakeFiles/cmTC_3acc5.dir/CMakeCXXCompilerABI.cpp.o  -o cmTC_3acc5 ]
  ignore line: [Apple LLVM version 9.0.0 (clang-900.0.37)]
  ignore line: [Target: x86_64-apple-darwin17.6.0]
  ignore line: [Thread model: posix]
  ignore line: [InstalledDir: /Applications/Xcode.app/Contents/Developer/Toolchains/XcodeDefault.xctoolchain/usr/bin]
  link line: [ "/Applications/Xcode.app/Contents/Developer/Toolchains/XcodeDefault.xctoolchain/usr/bin/ld" -demangle -lto_library /Applications/Xcode.app/Contents/Developer/Toolchains/XcodeDefault.xctoolchain/usr/lib/libLTO.dylib -dynamic -arch x86_64 -macosx_version_min 10.13.0 -o cmTC_3acc5 -search_paths_first -headerpad_max_install_names -v CMakeFiles/cmTC_3acc5.dir/CMakeCXXCompilerABI.cpp.o -lc++ -lSystem /Applications/Xcode.app/Contents/Developer/Toolchains/XcodeDefault.xctoolchain/usr/lib/clang/9.0.0/lib/darwin/libclang_rt.osx.a]
    arg [/Applications/Xcode.app/Contents/Developer/Toolchains/XcodeDefault.xctoolchain/usr/bin/ld] ==> ignore
    arg [-demangle] ==> ignore
    arg [-lto_library] ==> ignore, skip following value
    arg [/Applications/Xcode.app/Contents/Developer/Toolchains/XcodeDefault.xctoolchain/usr/lib/libLTO.dylib] ==> skip value of -lto_library
    arg [-dynamic] ==> ignore
    arg [-arch] ==> ignore
    arg [x86_64] ==> ignore
    arg [-macosx_version_min] ==> ignore
    arg [10.13.0] ==> ignore
    arg [-o] ==> ignore
    arg [cmTC_3acc5] ==> ignore
    arg [-search_paths_first] ==> ignore
    arg [-headerpad_max_install_names] ==> ignore
    arg [-v] ==> ignore
    arg [CMakeFiles/cmTC_3acc5.dir/CMakeCXXCompilerABI.cpp.o] ==> ignore
    arg [-lc++] ==> lib [c++]
    arg [-lSystem] ==> lib [System]
    arg [/Applications/Xcode.app/Contents/Developer/Toolchains/XcodeDefault.xctoolchain/usr/lib/clang/9.0.0/lib/darwin/libclang_rt.osx.a] ==> lib [/Applications/Xcode.app/Contents/Developer/Toolchains/XcodeDefault.xctoolchain/usr/lib/clang/9.0.0/lib/darwin/libclang_rt.osx.a]
  Library search paths: [;/usr/lib;/usr/local/lib]
  Framework search paths: [;/Library/Frameworks/;/System/Library/Frameworks/]
  remove lib [System]
  remove lib [/Applications/Xcode.app/Contents/Developer/Toolchains/XcodeDefault.xctoolchain/usr/lib/clang/9.0.0/lib/darwin/libclang_rt.osx.a]
  collapse library dir [/usr/lib] ==> [/usr/lib]
  collapse library dir [/usr/local/lib] ==> [/usr/local/lib]
  collapse framework dir [/Library/Frameworks/] ==> [/Library/Frameworks]
  collapse framework dir [/System/Library/Frameworks/] ==> [/System/Library/Frameworks]
  implicit libs: [c++]
  implicit dirs: [/usr/lib;/usr/local/lib]
  implicit fwks: [/Library/Frameworks;/System/Library/Frameworks]




Detecting CXX [-std=c++1z] compiler features compiled with the following output:
Change Dir: /Users/jasonkwh/Desktop/monkeys-audio-master/CMakeFiles/CMakeTmp

Run Build Command:"/usr/local/bin/gmake" "cmTC_70d63/fast"
/usr/local/bin/gmake -f CMakeFiles/cmTC_70d63.dir/build.make CMakeFiles/cmTC_70d63.dir/build
gmake[1]: Entering directory '/Users/jasonkwh/Desktop/monkeys-audio-master/CMakeFiles/CMakeTmp'
Building CXX object CMakeFiles/cmTC_70d63.dir/feature_tests.cxx.o
/Applications/Xcode.app/Contents/Developer/Toolchains/XcodeDefault.xctoolchain/usr/bin/c++    -std=c++1z -o CMakeFiles/cmTC_70d63.dir/feature_tests.cxx.o -c /Users/jasonkwh/Desktop/monkeys-audio-master/CMakeFiles/feature_tests.cxx
Linking CXX executable cmTC_70d63
/usr/local/Cellar/cmake/3.11.1/bin/cmake -E cmake_link_script CMakeFiles/cmTC_70d63.dir/link.txt --verbose=1
/Applications/Xcode.app/Contents/Developer/Toolchains/XcodeDefault.xctoolchain/usr/bin/c++    -Wl,-search_paths_first -Wl,-headerpad_max_install_names   CMakeFiles/cmTC_70d63.dir/feature_tests.cxx.o  -o cmTC_70d63 
gmake[1]: Leaving directory '/Users/jasonkwh/Desktop/monkeys-audio-master/CMakeFiles/CMakeTmp'


    Feature record: CXX_FEATURE:1cxx_aggregate_default_initializers
    Feature record: CXX_FEATURE:1cxx_alias_templates
    Feature record: CXX_FEATURE:1cxx_alignas
    Feature record: CXX_FEATURE:1cxx_alignof
    Feature record: CXX_FEATURE:1cxx_attributes
    Feature record: CXX_FEATURE:1cxx_attribute_deprecated
    Feature record: CXX_FEATURE:1cxx_auto_type
    Feature record: CXX_FEATURE:1cxx_binary_literals
    Feature record: CXX_FEATURE:1cxx_constexpr
    Feature record: CXX_FEATURE:1cxx_contextual_conversions
    Feature record: CXX_FEATURE:1cxx_decltype
    Feature record: CXX_FEATURE:1cxx_decltype_auto
    Feature record: CXX_FEATURE:1cxx_decltype_incomplete_return_types
    Feature record: CXX_FEATURE:1cxx_default_function_template_args
    Feature record: CXX_FEATURE:1cxx_defaulted_functions
    Feature record: CXX_FEATURE:1cxx_defaulted_move_initializers
    Feature record: CXX_FEATURE:1cxx_delegating_constructors
    Feature record: CXX_FEATURE:1cxx_deleted_functions
    Feature record: CXX_FEATURE:1cxx_digit_separators
    Feature record: CXX_FEATURE:1cxx_enum_forward_declarations
    Feature record: CXX_FEATURE:1cxx_explicit_conversions
    Feature record: CXX_FEATURE:1cxx_extended_friend_declarations
    Feature record: CXX_FEATURE:1cxx_extern_templates
    Feature record: CXX_FEATURE:1cxx_final
    Feature record: CXX_FEATURE:1cxx_func_identifier
    Feature record: CXX_FEATURE:1cxx_generalized_initializers
    Feature record: CXX_FEATURE:1cxx_generic_lambdas
    Feature record: CXX_FEATURE:1cxx_inheriting_constructors
    Feature record: CXX_FEATURE:1cxx_inline_namespaces
    Feature record: CXX_FEATURE:1cxx_lambdas
    Feature record: CXX_FEATURE:1cxx_lambda_init_captures
    Feature record: CXX_FEATURE:1cxx_local_type_template_args
    Feature record: CXX_FEATURE:1cxx_long_long_type
    Feature record: CXX_FEATURE:1cxx_noexcept
    Feature record: CXX_FEATURE:1cxx_nonstatic_member_init
    Feature record: CXX_FEATURE:1cxx_nullptr
    Feature record: CXX_FEATURE:1cxx_override
    Feature record: CXX_FEATURE:1cxx_range_for
    Feature record: CXX_FEATURE:1cxx_raw_string_literals
    Feature record: CXX_FEATURE:1cxx_reference_qualified_functions
    Feature record: CXX_FEATURE:1cxx_relaxed_constexpr
    Feature record: CXX_FEATURE:1cxx_return_type_deduction
    Feature record: CXX_FEATURE:1cxx_right_angle_brackets
    Feature record: CXX_FEATURE:1cxx_rvalue_references
    Feature record: CXX_FEATURE:1cxx_sizeof_member
    Feature record: CXX_FEATURE:1cxx_static_assert
    Feature record: CXX_FEATURE:1cxx_strong_enums
    Feature record: CXX_FEATURE:1cxx_template_template_parameters
    Feature record: CXX_FEATURE:1cxx_thread_local
    Feature record: CXX_FEATURE:1cxx_trailing_return_types
    Feature record: CXX_FEATURE:1cxx_unicode_literals
    Feature record: CXX_FEATURE:1cxx_uniform_initialization
    Feature record: CXX_FEATURE:1cxx_unrestricted_unions
    Feature record: CXX_FEATURE:1cxx_user_literals
    Feature record: CXX_FEATURE:1cxx_variable_templates
    Feature record: CXX_FEATURE:1cxx_variadic_macros
    Feature record: CXX_FEATURE:1cxx_variadic_templates


Detecting CXX [-std=c++14] compiler features compiled with the following output:
Change Dir: /Users/jasonkwh/Desktop/monkeys-audio-master/CMakeFiles/CMakeTmp

Run Build Command:"/usr/local/bin/gmake" "cmTC_f46fd/fast"
/usr/local/bin/gmake -f CMakeFiles/cmTC_f46fd.dir/build.make CMakeFiles/cmTC_f46fd.dir/build
gmake[1]: Entering directory '/Users/jasonkwh/Desktop/monkeys-audio-master/CMakeFiles/CMakeTmp'
Building CXX object CMakeFiles/cmTC_f46fd.dir/feature_tests.cxx.o
/Applications/Xcode.app/Contents/Developer/Toolchains/XcodeDefault.xctoolchain/usr/bin/c++    -std=c++14 -o CMakeFiles/cmTC_f46fd.dir/feature_tests.cxx.o -c /Users/jasonkwh/Desktop/monkeys-audio-master/CMakeFiles/feature_tests.cxx
Linking CXX executable cmTC_f46fd
/usr/local/Cellar/cmake/3.11.1/bin/cmake -E cmake_link_script CMakeFiles/cmTC_f46fd.dir/link.txt --verbose=1
/Applications/Xcode.app/Contents/Developer/Toolchains/XcodeDefault.xctoolchain/usr/bin/c++    -Wl,-search_paths_first -Wl,-headerpad_max_install_names   CMakeFiles/cmTC_f46fd.dir/feature_tests.cxx.o  -o cmTC_f46fd 
gmake[1]: Leaving directory '/Users/jasonkwh/Desktop/monkeys-audio-master/CMakeFiles/CMakeTmp'


    Feature record: CXX_FEATURE:1cxx_aggregate_default_initializers
    Feature record: CXX_FEATURE:1cxx_alias_templates
    Feature record: CXX_FEATURE:1cxx_alignas
    Feature record: CXX_FEATURE:1cxx_alignof
    Feature record: CXX_FEATURE:1cxx_attributes
    Feature record: CXX_FEATURE:1cxx_attribute_deprecated
    Feature record: CXX_FEATURE:1cxx_auto_type
    Feature record: CXX_FEATURE:1cxx_binary_literals
    Feature record: CXX_FEATURE:1cxx_constexpr
    Feature record: CXX_FEATURE:1cxx_contextual_conversions
    Feature record: CXX_FEATURE:1cxx_decltype
    Feature record: CXX_FEATURE:1cxx_decltype_auto
    Feature record: CXX_FEATURE:1cxx_decltype_incomplete_return_types
    Feature record: CXX_FEATURE:1cxx_default_function_template_args
    Feature record: CXX_FEATURE:1cxx_defaulted_functions
    Feature record: CXX_FEATURE:1cxx_defaulted_move_initializers
    Feature record: CXX_FEATURE:1cxx_delegating_constructors
    Feature record: CXX_FEATURE:1cxx_deleted_functions
    Feature record: CXX_FEATURE:1cxx_digit_separators
    Feature record: CXX_FEATURE:1cxx_enum_forward_declarations
    Feature record: CXX_FEATURE:1cxx_explicit_conversions
    Feature record: CXX_FEATURE:1cxx_extended_friend_declarations
    Feature record: CXX_FEATURE:1cxx_extern_templates
    Feature record: CXX_FEATURE:1cxx_final
    Feature record: CXX_FEATURE:1cxx_func_identifier
    Feature record: CXX_FEATURE:1cxx_generalized_initializers
    Feature record: CXX_FEATURE:1cxx_generic_lambdas
    Feature record: CXX_FEATURE:1cxx_inheriting_constructors
    Feature record: CXX_FEATURE:1cxx_inline_namespaces
    Feature record: CXX_FEATURE:1cxx_lambdas
    Feature record: CXX_FEATURE:1cxx_lambda_init_captures
    Feature record: CXX_FEATURE:1cxx_local_type_template_args
    Feature record: CXX_FEATURE:1cxx_long_long_type
    Feature record: CXX_FEATURE:1cxx_noexcept
    Feature record: CXX_FEATURE:1cxx_nonstatic_member_init
    Feature record: CXX_FEATURE:1cxx_nullptr
    Feature record: CXX_FEATURE:1cxx_override
    Feature record: CXX_FEATURE:1cxx_range_for
    Feature record: CXX_FEATURE:1cxx_raw_string_literals
    Feature record: CXX_FEATURE:1cxx_reference_qualified_functions
    Feature record: CXX_FEATURE:1cxx_relaxed_constexpr
    Feature record: CXX_FEATURE:1cxx_return_type_deduction
    Feature record: CXX_FEATURE:1cxx_right_angle_brackets
    Feature record: CXX_FEATURE:1cxx_rvalue_references
    Feature record: CXX_FEATURE:1cxx_sizeof_member
    Feature record: CXX_FEATURE:1cxx_static_assert
    Feature record: CXX_FEATURE:1cxx_strong_enums
    Feature record: CXX_FEATURE:1cxx_template_template_parameters
    Feature record: CXX_FEATURE:1cxx_thread_local
    Feature record: CXX_FEATURE:1cxx_trailing_return_types
    Feature record: CXX_FEATURE:1cxx_unicode_literals
    Feature record: CXX_FEATURE:1cxx_uniform_initialization
    Feature record: CXX_FEATURE:1cxx_unrestricted_unions
    Feature record: CXX_FEATURE:1cxx_user_literals
    Feature record: CXX_FEATURE:1cxx_variable_templates
    Feature record: CXX_FEATURE:1cxx_variadic_macros
    Feature record: CXX_FEATURE:1cxx_variadic_templates


Detecting CXX [-std=c++11] compiler features compiled with the following output:
Change Dir: /Users/jasonkwh/Desktop/monkeys-audio-master/CMakeFiles/CMakeTmp

Run Build Command:"/usr/local/bin/gmake" "cmTC_3e8ec/fast"
/usr/local/bin/gmake -f CMakeFiles/cmTC_3e8ec.dir/build.make CMakeFiles/cmTC_3e8ec.dir/build
gmake[1]: Entering directory '/Users/jasonkwh/Desktop/monkeys-audio-master/CMakeFiles/CMakeTmp'
Building CXX object CMakeFiles/cmTC_3e8ec.dir/feature_tests.cxx.o
/Applications/Xcode.app/Contents/Developer/Toolchains/XcodeDefault.xctoolchain/usr/bin/c++    -std=c++11 -o CMakeFiles/cmTC_3e8ec.dir/feature_tests.cxx.o -c /Users/jasonkwh/Desktop/monkeys-audio-master/CMakeFiles/feature_tests.cxx
Linking CXX executable cmTC_3e8ec
/usr/local/Cellar/cmake/3.11.1/bin/cmake -E cmake_link_script CMakeFiles/cmTC_3e8ec.dir/link.txt --verbose=1
/Applications/Xcode.app/Contents/Developer/Toolchains/XcodeDefault.xctoolchain/usr/bin/c++    -Wl,-search_paths_first -Wl,-headerpad_max_install_names   CMakeFiles/cmTC_3e8ec.dir/feature_tests.cxx.o  -o cmTC_3e8ec 
gmake[1]: Leaving directory '/Users/jasonkwh/Desktop/monkeys-audio-master/CMakeFiles/CMakeTmp'


    Feature record: CXX_FEATURE:0cxx_aggregate_default_initializers
    Feature record: CXX_FEATURE:1cxx_alias_templates
    Feature record: CXX_FEATURE:1cxx_alignas
    Feature record: CXX_FEATURE:1cxx_alignof
    Feature record: CXX_FEATURE:1cxx_attributes
    Feature record: CXX_FEATURE:0cxx_attribute_deprecated
    Feature record: CXX_FEATURE:1cxx_auto_type
    Feature record: CXX_FEATURE:0cxx_binary_literals
    Feature record: CXX_FEATURE:1cxx_constexpr
    Feature record: CXX_FEATURE:0cxx_contextual_conversions
    Feature record: CXX_FEATURE:1cxx_decltype
    Feature record: CXX_FEATURE:0cxx_decltype_auto
    Feature record: CXX_FEATURE:1cxx_decltype_incomplete_return_types
    Feature record: CXX_FEATURE:1cxx_default_function_template_args
    Feature record: CXX_FEATURE:1cxx_defaulted_functions
    Feature record: CXX_FEATURE:1cxx_defaulted_move_initializers
    Feature record: CXX_FEATURE:1cxx_delegating_constructors
    Feature record: CXX_FEATURE:1cxx_deleted_functions
    Feature record: CXX_FEATURE:0cxx_digit_separators
    Feature record: CXX_FEATURE:1cxx_enum_forward_declarations
    Feature record: CXX_FEATURE:1cxx_explicit_conversions
    Feature record: CXX_FEATURE:1cxx_extended_friend_declarations
    Feature record: CXX_FEATURE:1cxx_extern_templates
    Feature record: CXX_FEATURE:1cxx_final
    Feature record: CXX_FEATURE:1cxx_func_identifier
    Feature record: CXX_FEATURE:1cxx_generalized_initializers
    Feature record: CXX_FEATURE:0cxx_generic_lambdas
    Feature record: CXX_FEATURE:1cxx_inheriting_constructors
    Feature record: CXX_FEATURE:1cxx_inline_namespaces
    Feature record: CXX_FEATURE:1cxx_lambdas
    Feature record: CXX_FEATURE:0cxx_lambda_init_captures
    Feature record: CXX_FEATURE:1cxx_local_type_template_args
    Feature record: CXX_FEATURE:1cxx_long_long_type
    Feature record: CXX_FEATURE:1cxx_noexcept
    Feature record: CXX_FEATURE:1cxx_nonstatic_member_init
    Feature record: CXX_FEATURE:1cxx_nullptr
    Feature record: CXX_FEATURE:1cxx_override
    Feature record: CXX_FEATURE:1cxx_range_for
    Feature record: CXX_FEATURE:1cxx_raw_string_literals
    Feature record: CXX_FEATURE:1cxx_reference_qualified_functions
    Feature record: CXX_FEATURE:0cxx_relaxed_constexpr
    Feature record: CXX_FEATURE:0cxx_return_type_deduction
    Feature record: CXX_FEATURE:1cxx_right_angle_brackets
    Feature record: CXX_FEATURE:1cxx_rvalue_references
    Feature record: CXX_FEATURE:1cxx_sizeof_member
    Feature record: CXX_FEATURE:1cxx_static_assert
    Feature record: CXX_FEATURE:1cxx_strong_enums
    Feature record: CXX_FEATURE:1cxx_template_template_parameters
    Feature record: CXX_FEATURE:1cxx_thread_local
    Feature record: CXX_FEATURE:1cxx_trailing_return_types
    Feature record: CXX_FEATURE:1cxx_unicode_literals
    Feature record: CXX_FEATURE:1cxx_uniform_initialization
    Feature record: CXX_FEATURE:1cxx_unrestricted_unions
    Feature record: CXX_FEATURE:1cxx_user_literals
    Feature record: CXX_FEATURE:0cxx_variable_templates
    Feature record: CXX_FEATURE:1cxx_variadic_macros
    Feature record: CXX_FEATURE:1cxx_variadic_templates


Detecting CXX [-std=c++98] compiler features compiled with the following output:
Change Dir: /Users/jasonkwh/Desktop/monkeys-audio-master/CMakeFiles/CMakeTmp

Run Build Command:"/usr/local/bin/gmake" "cmTC_b5b1b/fast"
/usr/local/bin/gmake -f CMakeFiles/cmTC_b5b1b.dir/build.make CMakeFiles/cmTC_b5b1b.dir/build
gmake[1]: Entering directory '/Users/jasonkwh/Desktop/monkeys-audio-master/CMakeFiles/CMakeTmp'
Building CXX object CMakeFiles/cmTC_b5b1b.dir/feature_tests.cxx.o
/Applications/Xcode.app/Contents/Developer/Toolchains/XcodeDefault.xctoolchain/usr/bin/c++    -std=c++98 -o CMakeFiles/cmTC_b5b1b.dir/feature_tests.cxx.o -c /Users/jasonkwh/Desktop/monkeys-audio-master/CMakeFiles/feature_tests.cxx
Linking CXX executable cmTC_b5b1b
/usr/local/Cellar/cmake/3.11.1/bin/cmake -E cmake_link_script CMakeFiles/cmTC_b5b1b.dir/link.txt --verbose=1
/Applications/Xcode.app/Contents/Developer/Toolchains/XcodeDefault.xctoolchain/usr/bin/c++    -Wl,-search_paths_first -Wl,-headerpad_max_install_names   CMakeFiles/cmTC_b5b1b.dir/feature_tests.cxx.o  -o cmTC_b5b1b 
gmake[1]: Leaving directory '/Users/jasonkwh/Desktop/monkeys-audio-master/CMakeFiles/CMakeTmp'


    Feature record: CXX_FEATURE:0cxx_aggregate_default_initializers
    Feature record: CXX_FEATURE:0cxx_alias_templates
    Feature record: CXX_FEATURE:0cxx_alignas
    Feature record: CXX_FEATURE:0cxx_alignof
    Feature record: CXX_FEATURE:0cxx_attributes
    Feature record: CXX_FEATURE:0cxx_attribute_deprecated
    Feature record: CXX_FEATURE:0cxx_auto_type
    Feature record: CXX_FEATURE:0cxx_binary_literals
    Feature record: CXX_FEATURE:0cxx_constexpr
    Feature record: CXX_FEATURE:0cxx_contextual_conversions
    Feature record: CXX_FEATURE:0cxx_decltype
    Feature record: CXX_FEATURE:0cxx_decltype_auto
    Feature record: CXX_FEATURE:0cxx_decltype_incomplete_return_types
    Feature record: CXX_FEATURE:0cxx_default_function_template_args
    Feature record: CXX_FEATURE:0cxx_defaulted_functions
    Feature record: CXX_FEATURE:0cxx_defaulted_move_initializers
    Feature record: CXX_FEATURE:0cxx_delegating_constructors
    Feature record: CXX_FEATURE:0cxx_deleted_functions
    Feature record: CXX_FEATURE:0cxx_digit_separators
    Feature record: CXX_FEATURE:0cxx_enum_forward_declarations
    Feature record: CXX_FEATURE:0cxx_explicit_conversions
    Feature record: CXX_FEATURE:0cxx_extended_friend_declarations
    Feature record: CXX_FEATURE:0cxx_extern_templates
    Feature record: CXX_FEATURE:0cxx_final
    Feature record: CXX_FEATURE:0cxx_func_identifier
    Feature record: CXX_FEATURE:0cxx_generalized_initializers
    Feature record: CXX_FEATURE:0cxx_generic_lambdas
    Feature record: CXX_FEATURE:0cxx_inheriting_constructors
    Feature record: CXX_FEATURE:0cxx_inline_namespaces
    Feature record: CXX_FEATURE:0cxx_lambdas
    Feature record: CXX_FEATURE:0cxx_lambda_init_captures
    Feature record: CXX_FEATURE:0cxx_local_type_template_args
    Feature record: CXX_FEATURE:0cxx_long_long_type
    Feature record: CXX_FEATURE:0cxx_noexcept
    Feature record: CXX_FEATURE:0cxx_nonstatic_member_init
    Feature record: CXX_FEATURE:0cxx_nullptr
    Feature record: CXX_FEATURE:0cxx_override
    Feature record: CXX_FEATURE:0cxx_range_for
    Feature record: CXX_FEATURE:0cxx_raw_string_literals
    Feature record: CXX_FEATURE:0cxx_reference_qualified_functions
    Feature record: CXX_FEATURE:0cxx_relaxed_constexpr
    Feature record: CXX_FEATURE:0cxx_return_type_deduction
    Feature record: CXX_FEATURE:0cxx_right_angle_brackets
    Feature record: CXX_FEATURE:0cxx_rvalue_references
    Feature record: CXX_FEATURE:0cxx_sizeof_member
    Feature record: CXX_FEATURE:0cxx_static_assert
    Feature record: CXX_FEATURE:0cxx_strong_enums
    Feature record: CXX_FEATURE:1cxx_template_template_parameters
    Feature record: CXX_FEATURE:0cxx_thread_local
    Feature record: CXX_FEATURE:0cxx_trailing_return_types
    Feature record: CXX_FEATURE:0cxx_unicode_literals
    Feature record: CXX_FEATURE:0cxx_uniform_initialization
    Feature record: CXX_FEATURE:0cxx_unrestricted_unions
    Feature record: CXX_FEATURE:0cxx_user_literals
    Feature record: CXX_FEATURE:0cxx_variable_templates
    Feature record: CXX_FEATURE:0cxx_variadic_macros
    Feature record: CXX_FEATURE:0cxx_variadic_templates
Determining if the function memcmp exists passed with the following output:
Change Dir: /Users/jasonkwh/Desktop/monkeys-audio-master/CMakeFiles/CMakeTmp

Run Build Command:"/usr/local/bin/gmake" "cmTC_bccbd/fast"
/usr/local/bin/gmake -f CMakeFiles/cmTC_bccbd.dir/build.make CMakeFiles/cmTC_bccbd.dir/build
gmake[1]: Entering directory '/Users/jasonkwh/Desktop/monkeys-audio-master/CMakeFiles/CMakeTmp'
Building C object CMakeFiles/cmTC_bccbd.dir/CheckFunctionExists.c.o
/Applications/Xcode.app/Contents/Developer/Toolchains/XcodeDefault.xctoolchain/usr/bin/cc   -DCHECK_FUNCTION_EXISTS=memcmp   -o CMakeFiles/cmTC_bccbd.dir/CheckFunctionExists.c.o   -c /usr/local/Cellar/cmake/3.11.1/share/cmake/Modules/CheckFunctionExists.c
/usr/local/Cellar/cmake/3.11.1/share/cmake/Modules/CheckFunctionExists.c:7:3: warning: incompatible redeclaration of library function 'memcmp' [-Wincompatible-library-redeclaration]
  CHECK_FUNCTION_EXISTS(void);
  ^
<command line>:1:31: note: expanded from here
#define CHECK_FUNCTION_EXISTS memcmp
                              ^
/usr/local/Cellar/cmake/3.11.1/share/cmake/Modules/CheckFunctionExists.c:7:3: note: 'memcmp' is a builtin with type 'int (const void *, const void *, unsigned long)'
<command line>:1:31: note: expanded from here
#define CHECK_FUNCTION_EXISTS memcmp
                              ^
1 warning generated.
Linking C executable cmTC_bccbd
/usr/local/Cellar/cmake/3.11.1/bin/cmake -E cmake_link_script CMakeFiles/cmTC_bccbd.dir/link.txt --verbose=1
/Applications/Xcode.app/Contents/Developer/Toolchains/XcodeDefault.xctoolchain/usr/bin/cc  -DCHECK_FUNCTION_EXISTS=memcmp -Wl,-search_paths_first -Wl,-headerpad_max_install_names   CMakeFiles/cmTC_bccbd.dir/CheckFunctionExists.c.o  -o cmTC_bccbd 
gmake[1]: Leaving directory '/Users/jasonkwh/Desktop/monkeys-audio-master/CMakeFiles/CMakeTmp'


Determining if the function stat exists passed with the following output:
Change Dir: /Users/jasonkwh/Desktop/monkeys-audio-master/CMakeFiles/CMakeTmp

Run Build Command:"/usr/local/bin/gmake" "cmTC_85d99/fast"
/usr/local/bin/gmake -f CMakeFiles/cmTC_85d99.dir/build.make CMakeFiles/cmTC_85d99.dir/build
gmake[1]: Entering directory '/Users/jasonkwh/Desktop/monkeys-audio-master/CMakeFiles/CMakeTmp'
Building C object CMakeFiles/cmTC_85d99.dir/CheckFunctionExists.c.o
/Applications/Xcode.app/Contents/Developer/Toolchains/XcodeDefault.xctoolchain/usr/bin/cc   -DCHECK_FUNCTION_EXISTS=stat   -o CMakeFiles/cmTC_85d99.dir/CheckFunctionExists.c.o   -c /usr/local/Cellar/cmake/3.11.1/share/cmake/Modules/CheckFunctionExists.c
Linking C executable cmTC_85d99
/usr/local/Cellar/cmake/3.11.1/bin/cmake -E cmake_link_script CMakeFiles/cmTC_85d99.dir/link.txt --verbose=1
/Applications/Xcode.app/Contents/Developer/Toolchains/XcodeDefault.xctoolchain/usr/bin/cc  -DCHECK_FUNCTION_EXISTS=stat -Wl,-search_paths_first -Wl,-headerpad_max_install_names   CMakeFiles/cmTC_85d99.dir/CheckFunctionExists.c.o  -o cmTC_85d99 
gmake[1]: Leaving directory '/Users/jasonkwh/Desktop/monkeys-audio-master/CMakeFiles/CMakeTmp'


Determining if the function wcscasecmp exists passed with the following output:
Change Dir: /Users/jasonkwh/Desktop/monkeys-audio-master/CMakeFiles/CMakeTmp

Run Build Command:"/usr/local/bin/gmake" "cmTC_737dc/fast"
/usr/local/bin/gmake -f CMakeFiles/cmTC_737dc.dir/build.make CMakeFiles/cmTC_737dc.dir/build
gmake[1]: Entering directory '/Users/jasonkwh/Desktop/monkeys-audio-master/CMakeFiles/CMakeTmp'
Building C object CMakeFiles/cmTC_737dc.dir/CheckFunctionExists.c.o
/Applications/Xcode.app/Contents/Developer/Toolchains/XcodeDefault.xctoolchain/usr/bin/cc   -DCHECK_FUNCTION_EXISTS=wcscasecmp   -o CMakeFiles/cmTC_737dc.dir/CheckFunctionExists.c.o   -c /usr/local/Cellar/cmake/3.11.1/share/cmake/Modules/CheckFunctionExists.c
Linking C executable cmTC_737dc
/usr/local/Cellar/cmake/3.11.1/bin/cmake -E cmake_link_script CMakeFiles/cmTC_737dc.dir/link.txt --verbose=1
/Applications/Xcode.app/Contents/Developer/Toolchains/XcodeDefault.xctoolchain/usr/bin/cc  -DCHECK_FUNCTION_EXISTS=wcscasecmp -Wl,-search_paths_first -Wl,-headerpad_max_install_names   CMakeFiles/cmTC_737dc.dir/CheckFunctionExists.c.o  -o cmTC_737dc 
gmake[1]: Leaving directory '/Users/jasonkwh/Desktop/monkeys-audio-master/CMakeFiles/CMakeTmp'


Determining if files sys/ioctl.h exist passed with the following output:
Change Dir: /Users/jasonkwh/Desktop/monkeys-audio-master/CMakeFiles/CMakeTmp

Run Build Command:"/usr/local/bin/gmake" "cmTC_92da0/fast"
/usr/local/bin/gmake -f CMakeFiles/cmTC_92da0.dir/build.make CMakeFiles/cmTC_92da0.dir/build
gmake[1]: Entering directory '/Users/jasonkwh/Desktop/monkeys-audio-master/CMakeFiles/CMakeTmp'
Building C object CMakeFiles/cmTC_92da0.dir/HAVE_SYS_IOCTL_H.c.o
/Applications/Xcode.app/Contents/Developer/Toolchains/XcodeDefault.xctoolchain/usr/bin/cc    -o CMakeFiles/cmTC_92da0.dir/HAVE_SYS_IOCTL_H.c.o   -c /Users/jasonkwh/Desktop/monkeys-audio-master/CMakeFiles/CheckIncludeFiles/HAVE_SYS_IOCTL_H.c
Linking C executable cmTC_92da0
/usr/local/Cellar/cmake/3.11.1/bin/cmake -E cmake_link_script CMakeFiles/cmTC_92da0.dir/link.txt --verbose=1
/Applications/Xcode.app/Contents/Developer/Toolchains/XcodeDefault.xctoolchain/usr/bin/cc   -Wl,-search_paths_first -Wl,-headerpad_max_install_names   CMakeFiles/cmTC_92da0.dir/HAVE_SYS_IOCTL_H.c.o  -o cmTC_92da0 
gmake[1]: Leaving directory '/Users/jasonkwh/Desktop/monkeys-audio-master/CMakeFiles/CMakeTmp'


Determining if files sys/time.h exist passed with the following output:
Change Dir: /Users/jasonkwh/Desktop/monkeys-audio-master/CMakeFiles/CMakeTmp

Run Build Command:"/usr/local/bin/gmake" "cmTC_58274/fast"
/usr/local/bin/gmake -f CMakeFiles/cmTC_58274.dir/build.make CMakeFiles/cmTC_58274.dir/build
gmake[1]: Entering directory '/Users/jasonkwh/Desktop/monkeys-audio-master/CMakeFiles/CMakeTmp'
Building C object CMakeFiles/cmTC_58274.dir/HAVE_SYS_TIME_H.c.o
/Applications/Xcode.app/Contents/Developer/Toolchains/XcodeDefault.xctoolchain/usr/bin/cc    -o CMakeFiles/cmTC_58274.dir/HAVE_SYS_TIME_H.c.o   -c /Users/jasonkwh/Desktop/monkeys-audio-master/CMakeFiles/CheckIncludeFiles/HAVE_SYS_TIME_H.c
Linking C executable cmTC_58274
/usr/local/Cellar/cmake/3.11.1/bin/cmake -E cmake_link_script CMakeFiles/cmTC_58274.dir/link.txt --verbose=1
/Applications/Xcode.app/Contents/Developer/Toolchains/XcodeDefault.xctoolchain/usr/bin/cc   -Wl,-search_paths_first -Wl,-headerpad_max_install_names   CMakeFiles/cmTC_58274.dir/HAVE_SYS_TIME_H.c.o  -o cmTC_58274 
gmake[1]: Leaving directory '/Users/jasonkwh/Desktop/monkeys-audio-master/CMakeFiles/CMakeTmp'


Determining if files fcntl.h exist passed with the following output:
Change Dir: /Users/jasonkwh/Desktop/monkeys-audio-master/CMakeFiles/CMakeTmp

Run Build Command:"/usr/local/bin/gmake" "cmTC_80e05/fast"
/usr/local/bin/gmake -f CMakeFiles/cmTC_80e05.dir/build.make CMakeFiles/cmTC_80e05.dir/build
gmake[1]: Entering directory '/Users/jasonkwh/Desktop/monkeys-audio-master/CMakeFiles/CMakeTmp'
Building C object CMakeFiles/cmTC_80e05.dir/HAVE_FCNTL_H.c.o
/Applications/Xcode.app/Contents/Developer/Toolchains/XcodeDefault.xctoolchain/usr/bin/cc    -o CMakeFiles/cmTC_80e05.dir/HAVE_FCNTL_H.c.o   -c /Users/jasonkwh/Desktop/monkeys-audio-master/CMakeFiles/CheckIncludeFiles/HAVE_FCNTL_H.c
Linking C executable cmTC_80e05
/usr/local/Cellar/cmake/3.11.1/bin/cmake -E cmake_link_script CMakeFiles/cmTC_80e05.dir/link.txt --verbose=1
/Applications/Xcode.app/Contents/Developer/Toolchains/XcodeDefault.xctoolchain/usr/bin/cc   -Wl,-search_paths_first -Wl,-headerpad_max_install_names   CMakeFiles/cmTC_80e05.dir/HAVE_FCNTL_H.c.o  -o cmTC_80e05 
gmake[1]: Leaving directory '/Users/jasonkwh/Desktop/monkeys-audio-master/CMakeFiles/CMakeTmp'


Determining if files float.h exist passed with the following output:
Change Dir: /Users/jasonkwh/Desktop/monkeys-audio-master/CMakeFiles/CMakeTmp

Run Build Command:"/usr/local/bin/gmake" "cmTC_3cc90/fast"
/usr/local/bin/gmake -f CMakeFiles/cmTC_3cc90.dir/build.make CMakeFiles/cmTC_3cc90.dir/build
gmake[1]: Entering directory '/Users/jasonkwh/Desktop/monkeys-audio-master/CMakeFiles/CMakeTmp'
Building C object CMakeFiles/cmTC_3cc90.dir/HAVE_FLOAT_H.c.o
/Applications/Xcode.app/Contents/Developer/Toolchains/XcodeDefault.xctoolchain/usr/bin/cc    -o CMakeFiles/cmTC_3cc90.dir/HAVE_FLOAT_H.c.o   -c /Users/jasonkwh/Desktop/monkeys-audio-master/CMakeFiles/CheckIncludeFiles/HAVE_FLOAT_H.c
Linking C executable cmTC_3cc90
/usr/local/Cellar/cmake/3.11.1/bin/cmake -E cmake_link_script CMakeFiles/cmTC_3cc90.dir/link.txt --verbose=1
/Applications/Xcode.app/Contents/Developer/Toolchains/XcodeDefault.xctoolchain/usr/bin/cc   -Wl,-search_paths_first -Wl,-headerpad_max_install_names   CMakeFiles/cmTC_3cc90.dir/HAVE_FLOAT_H.c.o  -o cmTC_3cc90 
gmake[1]: Leaving directory '/Users/jasonkwh/Desktop/monkeys-audio-master/CMakeFiles/CMakeTmp'


Determining if files memory.h exist passed with the following output:
Change Dir: /Users/jasonkwh/Desktop/monkeys-audio-master/CMakeFiles/CMakeTmp

Run Build Command:"/usr/local/bin/gmake" "cmTC_311be/fast"
/usr/local/bin/gmake -f CMakeFiles/cmTC_311be.dir/build.make CMakeFiles/cmTC_311be.dir/build
gmake[1]: Entering directory '/Users/jasonkwh/Desktop/monkeys-audio-master/CMakeFiles/CMakeTmp'
Building C object CMakeFiles/cmTC_311be.dir/HAVE_MEMORY_H.c.o
/Applications/Xcode.app/Contents/Developer/Toolchains/XcodeDefault.xctoolchain/usr/bin/cc    -o CMakeFiles/cmTC_311be.dir/HAVE_MEMORY_H.c.o   -c /Users/jasonkwh/Desktop/monkeys-audio-master/CMakeFiles/CheckIncludeFiles/HAVE_MEMORY_H.c
Linking C executable cmTC_311be
/usr/local/Cellar/cmake/3.11.1/bin/cmake -E cmake_link_script CMakeFiles/cmTC_311be.dir/link.txt --verbose=1
/Applications/Xcode.app/Contents/Developer/Toolchains/XcodeDefault.xctoolchain/usr/bin/cc   -Wl,-search_paths_first -Wl,-headerpad_max_install_names   CMakeFiles/cmTC_311be.dir/HAVE_MEMORY_H.c.o  -o cmTC_311be 
gmake[1]: Leaving directory '/Users/jasonkwh/Desktop/monkeys-audio-master/CMakeFiles/CMakeTmp'


Determining if files stdlib.h exist passed with the following output:
Change Dir: /Users/jasonkwh/Desktop/monkeys-audio-master/CMakeFiles/CMakeTmp

Run Build Command:"/usr/local/bin/gmake" "cmTC_5480c/fast"
/usr/local/bin/gmake -f CMakeFiles/cmTC_5480c.dir/build.make CMakeFiles/cmTC_5480c.dir/build
gmake[1]: Entering directory '/Users/jasonkwh/Desktop/monkeys-audio-master/CMakeFiles/CMakeTmp'
Building C object CMakeFiles/cmTC_5480c.dir/HAVE_STDLIB_H.c.o
/Applications/Xcode.app/Contents/Developer/Toolchains/XcodeDefault.xctoolchain/usr/bin/cc    -o CMakeFiles/cmTC_5480c.dir/HAVE_STDLIB_H.c.o   -c /Users/jasonkwh/Desktop/monkeys-audio-master/CMakeFiles/CheckIncludeFiles/HAVE_STDLIB_H.c
Linking C executable cmTC_5480c
/usr/local/Cellar/cmake/3.11.1/bin/cmake -E cmake_link_script CMakeFiles/cmTC_5480c.dir/link.txt --verbose=1
/Applications/Xcode.app/Contents/Developer/Toolchains/XcodeDefault.xctoolchain/usr/bin/cc   -Wl,-search_paths_first -Wl,-headerpad_max_install_names   CMakeFiles/cmTC_5480c.dir/HAVE_STDLIB_H.c.o  -o cmTC_5480c 
gmake[1]: Leaving directory '/Users/jasonkwh/Desktop/monkeys-audio-master/CMakeFiles/CMakeTmp'


Determining if files string.h exist passed with the following output:
Change Dir: /Users/jasonkwh/Desktop/monkeys-audio-master/CMakeFiles/CMakeTmp

Run Build Command:"/usr/local/bin/gmake" "cmTC_512f2/fast"
/usr/local/bin/gmake -f CMakeFiles/cmTC_512f2.dir/build.make CMakeFiles/cmTC_512f2.dir/build
gmake[1]: Entering directory '/Users/jasonkwh/Desktop/monkeys-audio-master/CMakeFiles/CMakeTmp'
Building C object CMakeFiles/cmTC_512f2.dir/HAVE_STRING_H.c.o
/Applications/Xcode.app/Contents/Developer/Toolchains/XcodeDefault.xctoolchain/usr/bin/cc    -o CMakeFiles/cmTC_512f2.dir/HAVE_STRING_H.c.o   -c /Users/jasonkwh/Desktop/monkeys-audio-master/CMakeFiles/CheckIncludeFiles/HAVE_STRING_H.c
Linking C executable cmTC_512f2
/usr/local/Cellar/cmake/3.11.1/bin/cmake -E cmake_link_script CMakeFiles/cmTC_512f2.dir/link.txt --verbose=1
/Applications/Xcode.app/Contents/Developer/Toolchains/XcodeDefault.xctoolchain/usr/bin/cc   -Wl,-search_paths_first -Wl,-headerpad_max_install_names   CMakeFiles/cmTC_512f2.dir/HAVE_STRING_H.c.o  -o cmTC_512f2 
gmake[1]: Leaving directory '/Users/jasonkwh/Desktop/monkeys-audio-master/CMakeFiles/CMakeTmp'


Determining if files stdarg.h exist passed with the following output:
Change Dir: /Users/jasonkwh/Desktop/monkeys-audio-master/CMakeFiles/CMakeTmp

Run Build Command:"/usr/local/bin/gmake" "cmTC_0e0e8/fast"
/usr/local/bin/gmake -f CMakeFiles/cmTC_0e0e8.dir/build.make CMakeFiles/cmTC_0e0e8.dir/build
gmake[1]: Entering directory '/Users/jasonkwh/Desktop/monkeys-audio-master/CMakeFiles/CMakeTmp'
Building C object CMakeFiles/cmTC_0e0e8.dir/HAVE_STDARG_H.c.o
/Applications/Xcode.app/Contents/Developer/Toolchains/XcodeDefault.xctoolchain/usr/bin/cc    -o CMakeFiles/cmTC_0e0e8.dir/HAVE_STDARG_H.c.o   -c /Users/jasonkwh/Desktop/monkeys-audio-master/CMakeFiles/CheckIncludeFiles/HAVE_STDARG_H.c
Linking C executable cmTC_0e0e8
/usr/local/Cellar/cmake/3.11.1/bin/cmake -E cmake_link_script CMakeFiles/cmTC_0e0e8.dir/link.txt --verbose=1
/Applications/Xcode.app/Contents/Developer/Toolchains/XcodeDefault.xctoolchain/usr/bin/cc   -Wl,-search_paths_first -Wl,-headerpad_max_install_names   CMakeFiles/cmTC_0e0e8.dir/HAVE_STDARG_H.c.o  -o cmTC_0e0e8 
gmake[1]: Leaving directory '/Users/jasonkwh/Desktop/monkeys-audio-master/CMakeFiles/CMakeTmp'


Determining if files unistd.h exist passed with the following output:
Change Dir: /Users/jasonkwh/Desktop/monkeys-audio-master/CMakeFiles/CMakeTmp

Run Build Command:"/usr/local/bin/gmake" "cmTC_7028d/fast"
/usr/local/bin/gmake -f CMakeFiles/cmTC_7028d.dir/build.make CMakeFiles/cmTC_7028d.dir/build
gmake[1]: Entering directory '/Users/jasonkwh/Desktop/monkeys-audio-master/CMakeFiles/CMakeTmp'
Building C object CMakeFiles/cmTC_7028d.dir/HAVE_UNISTD_H.c.o
/Applications/Xcode.app/Contents/Developer/Toolchains/XcodeDefault.xctoolchain/usr/bin/cc    -o CMakeFiles/cmTC_7028d.dir/HAVE_UNISTD_H.c.o   -c /Users/jasonkwh/Desktop/monkeys-audio-master/CMakeFiles/CheckIncludeFiles/HAVE_UNISTD_H.c
Linking C executable cmTC_7028d
/usr/local/Cellar/cmake/3.11.1/bin/cmake -E cmake_link_script CMakeFiles/cmTC_7028d.dir/link.txt --verbose=1
/Applications/Xcode.app/Contents/Developer/Toolchains/XcodeDefault.xctoolchain/usr/bin/cc   -Wl,-search_paths_first -Wl,-headerpad_max_install_names   CMakeFiles/cmTC_7028d.dir/HAVE_UNISTD_H.c.o  -o cmTC_7028d 
gmake[1]: Leaving directory '/Users/jasonkwh/Desktop/monkeys-audio-master/CMakeFiles/CMakeTmp'


Checking whether the ASM_NASM compiler is YASM using "--version" matched "(yasm)":
yasm 1.3.0
Compiled on May 24 2017.
Copyright (c) 2001-2014 Peter Johnson and other Yasm developers.
Run yasm --license for licensing overview and summary.
Determining if the include file sys/types.h exists passed with the following output:
Change Dir: /Users/jasonkwh/Desktop/monkeys-audio-master/CMakeFiles/CMakeTmp

Run Build Command:"/usr/local/bin/gmake" "cmTC_037ef/fast"
/usr/local/bin/gmake -f CMakeFiles/cmTC_037ef.dir/build.make CMakeFiles/cmTC_037ef.dir/build
gmake[1]: Entering directory '/Users/jasonkwh/Desktop/monkeys-audio-master/CMakeFiles/CMakeTmp'
Building C object CMakeFiles/cmTC_037ef.dir/CheckIncludeFile.c.o
/Applications/Xcode.app/Contents/Developer/Toolchains/XcodeDefault.xctoolchain/usr/bin/cc    -o CMakeFiles/cmTC_037ef.dir/CheckIncludeFile.c.o   -c /Users/jasonkwh/Desktop/monkeys-audio-master/CMakeFiles/CMakeTmp/CheckIncludeFile.c
Linking C executable cmTC_037ef
/usr/local/Cellar/cmake/3.11.1/bin/cmake -E cmake_link_script CMakeFiles/cmTC_037ef.dir/link.txt --verbose=1
/Applications/Xcode.app/Contents/Developer/Toolchains/XcodeDefault.xctoolchain/usr/bin/cc   -Wl,-search_paths_first -Wl,-headerpad_max_install_names   CMakeFiles/cmTC_037ef.dir/CheckIncludeFile.c.o  -o cmTC_037ef 
gmake[1]: Leaving directory '/Users/jasonkwh/Desktop/monkeys-audio-master/CMakeFiles/CMakeTmp'


Determining if the include file stdint.h exists passed with the following output:
Change Dir: /Users/jasonkwh/Desktop/monkeys-audio-master/CMakeFiles/CMakeTmp

Run Build Command:"/usr/local/bin/gmake" "cmTC_f73a5/fast"
/usr/local/bin/gmake -f CMakeFiles/cmTC_f73a5.dir/build.make CMakeFiles/cmTC_f73a5.dir/build
gmake[1]: Entering directory '/Users/jasonkwh/Desktop/monkeys-audio-master/CMakeFiles/CMakeTmp'
Building C object CMakeFiles/cmTC_f73a5.dir/CheckIncludeFile.c.o
/Applications/Xcode.app/Contents/Developer/Toolchains/XcodeDefault.xctoolchain/usr/bin/cc    -o CMakeFiles/cmTC_f73a5.dir/CheckIncludeFile.c.o   -c /Users/jasonkwh/Desktop/monkeys-audio-master/CMakeFiles/CMakeTmp/CheckIncludeFile.c
Linking C executable cmTC_f73a5
/usr/local/Cellar/cmake/3.11.1/bin/cmake -E cmake_link_script CMakeFiles/cmTC_f73a5.dir/link.txt --verbose=1
/Applications/Xcode.app/Contents/Developer/Toolchains/XcodeDefault.xctoolchain/usr/bin/cc   -Wl,-search_paths_first -Wl,-headerpad_max_install_names   CMakeFiles/cmTC_f73a5.dir/CheckIncludeFile.c.o  -o cmTC_f73a5 
gmake[1]: Leaving directory '/Users/jasonkwh/Desktop/monkeys-audio-master/CMakeFiles/CMakeTmp'


Determining if the include file stddef.h exists passed with the following output:
Change Dir: /Users/jasonkwh/Desktop/monkeys-audio-master/CMakeFiles/CMakeTmp

Run Build Command:"/usr/local/bin/gmake" "cmTC_dc20a/fast"
/usr/local/bin/gmake -f CMakeFiles/cmTC_dc20a.dir/build.make CMakeFiles/cmTC_dc20a.dir/build
gmake[1]: Entering directory '/Users/jasonkwh/Desktop/monkeys-audio-master/CMakeFiles/CMakeTmp'
Building C object CMakeFiles/cmTC_dc20a.dir/CheckIncludeFile.c.o
/Applications/Xcode.app/Contents/Developer/Toolchains/XcodeDefault.xctoolchain/usr/bin/cc    -o CMakeFiles/cmTC_dc20a.dir/CheckIncludeFile.c.o   -c /Users/jasonkwh/Desktop/monkeys-audio-master/CMakeFiles/CMakeTmp/CheckIncludeFile.c
Linking C executable cmTC_dc20a
/usr/local/Cellar/cmake/3.11.1/bin/cmake -E cmake_link_script CMakeFiles/cmTC_dc20a.dir/link.txt --verbose=1
/Applications/Xcode.app/Contents/Developer/Toolchains/XcodeDefault.xctoolchain/usr/bin/cc   -Wl,-search_paths_first -Wl,-headerpad_max_install_names   CMakeFiles/cmTC_dc20a.dir/CheckIncludeFile.c.o  -o cmTC_dc20a 
gmake[1]: Leaving directory '/Users/jasonkwh/Desktop/monkeys-audio-master/CMakeFiles/CMakeTmp'


Determining size of unsigned short passed with the following output:
Change Dir: /Users/jasonkwh/Desktop/monkeys-audio-master/CMakeFiles/CMakeTmp

Run Build Command:"/usr/local/bin/gmake" "cmTC_e01e0/fast"
/usr/local/bin/gmake -f CMakeFiles/cmTC_e01e0.dir/build.make CMakeFiles/cmTC_e01e0.dir/build
gmake[1]: Entering directory '/Users/jasonkwh/Desktop/monkeys-audio-master/CMakeFiles/CMakeTmp'
Building C object CMakeFiles/cmTC_e01e0.dir/CMAKE_SIZEOF_UNSIGNED_SHORT.c.o
/Applications/Xcode.app/Contents/Developer/Toolchains/XcodeDefault.xctoolchain/usr/bin/cc    -o CMakeFiles/cmTC_e01e0.dir/CMAKE_SIZEOF_UNSIGNED_SHORT.c.o   -c /Users/jasonkwh/Desktop/monkeys-audio-master/CMakeFiles/CheckTypeSize/CMAKE_SIZEOF_UNSIGNED_SHORT.c
Linking C executable cmTC_e01e0
/usr/local/Cellar/cmake/3.11.1/bin/cmake -E cmake_link_script CMakeFiles/cmTC_e01e0.dir/link.txt --verbose=1
/Applications/Xcode.app/Contents/Developer/Toolchains/XcodeDefault.xctoolchain/usr/bin/cc   -Wl,-search_paths_first -Wl,-headerpad_max_install_names   CMakeFiles/cmTC_e01e0.dir/CMAKE_SIZEOF_UNSIGNED_SHORT.c.o  -o cmTC_e01e0 
gmake[1]: Leaving directory '/Users/jasonkwh/Desktop/monkeys-audio-master/CMakeFiles/CMakeTmp'


Determining if the system is big endian passed with the following output:
Change Dir: /Users/jasonkwh/Desktop/monkeys-audio-master/CMakeFiles/CMakeTmp

Run Build Command:"/usr/local/bin/gmake" "cmTC_468f5/fast"
/usr/local/bin/gmake -f CMakeFiles/cmTC_468f5.dir/build.make CMakeFiles/cmTC_468f5.dir/build
gmake[1]: Entering directory '/Users/jasonkwh/Desktop/monkeys-audio-master/CMakeFiles/CMakeTmp'
Building C object CMakeFiles/cmTC_468f5.dir/TestEndianess.c.o
/Applications/Xcode.app/Contents/Developer/Toolchains/XcodeDefault.xctoolchain/usr/bin/cc    -o CMakeFiles/cmTC_468f5.dir/TestEndianess.c.o   -c /Users/jasonkwh/Desktop/monkeys-audio-master/CMakeFiles/CMakeTmp/TestEndianess.c
Linking C executable cmTC_468f5
/usr/local/Cellar/cmake/3.11.1/bin/cmake -E cmake_link_script CMakeFiles/cmTC_468f5.dir/link.txt --verbose=1
/Applications/Xcode.app/Contents/Developer/Toolchains/XcodeDefault.xctoolchain/usr/bin/cc   -Wl,-search_paths_first -Wl,-headerpad_max_install_names   CMakeFiles/cmTC_468f5.dir/TestEndianess.c.o  -o cmTC_468f5 
gmake[1]: Leaving directory '/Users/jasonkwh/Desktop/monkeys-audio-master/CMakeFiles/CMakeTmp'

TestEndianess.c:
/* A 16 bit integer is required. */
typedef unsigned short cmakeint16;

/* On a little endian machine, these 16bit ints will give "THIS IS LITTLE ENDIAN."
   On a big endian machine the characters will be exchanged pairwise. */
const cmakeint16 info_little[] =  {0x4854, 0x5349, 0x4920, 0x2053, 0x494c, 0x5454, 0x454c, 0x4520, 0x444e, 0x4149, 0x2e4e, 0x0000};

/* on a big endian machine, these 16bit ints will give "THIS IS BIG ENDIAN."
   On a little endian machine the characters will be exchanged pairwise. */
const cmakeint16 info_big[] =     {0x5448, 0x4953, 0x2049, 0x5320, 0x4249, 0x4720, 0x454e, 0x4449, 0x414e, 0x2e2e, 0x0000};

#ifdef __CLASSIC_C__
int main(argc, argv) int argc; char *argv[];
#else
int main(int argc, char *argv[])
#endif
{
  int require = 0;
  require += info_little[argc];
  require += info_big[argc];
  (void)argv;
  return require;
}


